<?xml version="1.0" encoding="UTF-8"?>
<testsuite xmlns:xsi="http://www.w3.org/2001/XMLSchema-instance" xsi:noNamespaceSchemaLocation="https://maven.apache.org/surefire/maven-surefire-plugin/xsd/surefire-test-report.xsd" name="com.example.AppTest" time="0.045" tests="1" errors="0" skipped="0" failures="0">
  <properties>
    <property name="java.specification.version" value="19"/>
    <property name="sun.cpu.isalist" value="amd64"/>
    <property name="sun.jnu.encoding" value="Cp1252"/>
    <property name="java.class.path" value="C:\Java SE Luxoft training\Java17MasterClassUdemyTraining\section19\sample\demo\target\test-classes;C:\Java SE Luxoft training\Java17MasterClassUdemyTraining\section19\sample\demo\target\classes;C:\Users\LEnriquez\.m2\repository\junit\junit\4.11\junit-4.11.jar;C:\Users\LEnriquez\.m2\repository\org\hamcrest\hamcrest-core\1.3\hamcrest-core-1.3.jar;"/>
    <property name="java.vm.vendor" value="Oracle Corporation"/>
    <property name="sun.arch.data.model" value="64"/>
    <property name="user.variant" value=""/>
    <property name="java.vendor.url" value="https://java.oracle.com/"/>
    <property name="user.timezone" value="Europe/Paris"/>
    <property name="os.name" value="Windows 10"/>
    <property name="java.vm.specification.version" value="19"/>
    <property name="sun.java.launcher" value="SUN_STANDARD"/>
    <property name="user.country" value="US"/>
    <property name="sun.boot.library.path" value="C:\Program Files\Java\jdk-19.0.2\bin"/>
    <property name="sun.java.command" value="C:\Users\LENRIQ~1\AppData\Local\Temp\surefire5231912512978503320\surefirebooter14548805486712348896.jar C:\Users\LEnriquez\AppData\Local\Temp\surefire5231912512978503320 2023-07-18T11-21-35_586-jvmRun1 surefire6952786015406027233tmp surefire_013628124799604017356tmp"/>
    <property name="jdk.debug" value="release"/>
    <property name="surefire.test.class.path" value="C:\Java SE Luxoft training\Java17MasterClassUdemyTraining\section19\sample\demo\target\test-classes;C:\Java SE Luxoft training\Java17MasterClassUdemyTraining\section19\sample\demo\target\classes;C:\Users\LEnriquez\.m2\repository\junit\junit\4.11\junit-4.11.jar;C:\Users\LEnriquez\.m2\repository\org\hamcrest\hamcrest-core\1.3\hamcrest-core-1.3.jar;"/>
    <property name="sun.cpu.endian" value="little"/>
    <property name="user.home" value="C:\Users\LEnriquez"/>
    <property name="user.language" value="en"/>
    <property name="java.specification.vendor" value="Oracle Corporation"/>
    <property name="java.version.date" value="2023-01-17"/>
    <property name="java.home" value="C:\Program Files\Java\jdk-19.0.2"/>
    <property name="file.separator" value="\"/>
    <property name="basedir" value="C:\Java SE Luxoft training\Java17MasterClassUdemyTraining\section19\sample\demo"/>
    <property name="java.vm.compressedOopsMode" value="Zero based"/>
    <property name="line.separator" value="&#10;"/>
    <property name="java.vm.specification.vendor" value="Oracle Corporation"/>
    <property name="java.specification.name" value="Java Platform API Specification"/>
    <property name="surefire.real.class.path" value="C:\Users\LENRIQ~1\AppData\Local\Temp\surefire5231912512978503320\surefirebooter14548805486712348896.jar"/>
    <property name="user.script" value=""/>
    <property name="sun.management.compiler" value="HotSpot 64-Bit Tiered Compilers"/>
    <property name="java.runtime.version" value="19.0.2+7-44"/>
    <property name="user.name" value="LEnriquez"/>
    <property name="stdout.encoding" value="Cp1252"/>
    <property name="path.separator" value=";"/>
    <property name="os.version" value="10.0"/>
    <property name="java.runtime.name" value="OpenJDK Runtime Environment"/>
    <property name="file.encoding" value="UTF-8"/>
    <property name="java.vm.name" value="OpenJDK 64-Bit Server VM"/>
    <property name="localRepository" value="C:\Users\LEnriquez\.m2\repository"/>
    <property name="java.vendor.url.bug" value="https://bugreport.java.com/bugreport/"/>
    <property name="java.io.tmpdir" value="C:\Users\LENRIQ~1\AppData\Local\Temp\"/>
    <property name="java.version" value="19.0.2"/>
    <property name="user.dir" value="C:\Java SE Luxoft training\Java17MasterClassUdemyTraining\section19\sample\demo"/>
    <property name="os.arch" value="amd64"/>
    <property name="java.vm.specification.name" value="Java Virtual Machine Specification"/>
    <property name="sun.os.patch.level" value=""/>
    <property name="native.encoding" value="Cp1252"/>
    <property name="java.library.path" value="C:\Program Files\Java\jdk-19.0.2\bin;C:\Windows\Sun\Java\bin;C:\Windows\system32;C:\Windows;C:\Program Files\PowerShell\7;C:\Users\LEnriquez\AppData\Local\cloud-code\installer\google-cloud-sdk\bin;C:\Program Files\Python311\Scripts\;C:\Program Files\Python311\;C:\Program Files\Common Files\Oracle\Java\javapath;C:\Program Files (x86)\Microsoft SDKs\Azure\CLI2\wbin;C:\Windows\system32;C:\Windows;C:\Windows\System32\Wbem;C:\Windows\System32\WindowsPowerShell\v1.0\;C:\Windows\System32\OpenSSH\;C:\Program Files\dotnet\;C:\Program Files\Microsoft SQL Server\150\Tools\Binn\;C:\Program Files\Microsoft SQL Server\Client SDK\ODBC\170\Tools\Binn\;C:\Program Files (x86)\Microsoft SQL Server\150\Tools\Binn\;C:\Program Files\Microsoft SQL Server\150\DTS\Binn\;C:\Program Files\Amazon\SessionManagerPlugin\bin\;C:\ProgramData\chocolatey\bin;C:\Program Files (x86)\WinMerge;C:\Program Files\nodejs\;%JAVA_HOME%bin;C:\Program Files\Docker\Docker\resources\bin;C:\Program Files\PowerShell\7\;C:\Program Files\Amazon\AWSCLIV2\;C:\Program Files (x86)\Google\Cloud SDK\google-cloud-sdk\bin;C:\Program Files\Git\cmd;C:\Program Files\Microsoft Service Fabric\bin\Fabric\Fabric.Code;C:\Program Files\Microsoft SDKs\Service Fabric\Tools\ServiceFabricLocalClusterManager;C:\Program Files\Microsoft\Azure Functions Core Tools\;C:\Program Files (x86)\Microsoft SQL Server\160\DTS\Binn\;C:\Program Files\Azure Data Studio\bin;C:\Users\LEnriquez\AppData\Local\Microsoft\WindowsApps;C:\Users\LEnriquez\AppData\Local\Programs\Microsoft VS Code\bin;C:\Program Files\Azure Data Studio\bin;C:\Users\LEnriquez\AppData\Local\GitHubDesktop\bin;C:\Users\LEnriquez\.dotnet\tools;C:\src\flutter\bin;C:\terraform;C:\Android SDK Platform-Tools;C:\Gradle\gradle-7.6\bin;C:\ProgramData\chocolatey\bin;C:\Program Files\Go\bin;C:\Users\LEnriquez\AppData\Roaming\npm;C:\Program Files\Java\jdk-19.0.2\bin;C:\apache-maven-3.9.0\bin;C:\kafka_2.13-3.4.0\bin\windows;C:\tools\dart-sdk\bin;C:\Users\LEnriquez\AppData\Roaming\Pub\Cache\bin;C:\Users\LEnriquez\AppData\Local\Pub\Cache\bin;C:\Program Files\Python311;C:\Program Files\Python311\Scripts;C:\Program Files\Python311\Lib\site-packages\pip\_internal\utils;C:\Program Files\Azure Data Studio\bin;C:\Users\LEnriquez\AppData\Roaming\Python\Python311\Scripts;;C:\Program Files\JetBrains\IntelliJ IDEA Community Edition 2023.1.3\bin;;."/>
    <property name="java.vm.info" value="mixed mode, sharing"/>
    <property name="stderr.encoding" value="Cp1252"/>
    <property name="java.vendor" value="Oracle Corporation"/>
    <property name="java.vm.version" value="19.0.2+7-44"/>
    <property name="sun.io.unicode.encoding" value="UnicodeLittle"/>
    <property name="java.class.version" value="63.0"/>
  </properties>
  <testcase name="shouldAnswerWithTrue" classname="com.example.AppTest" time="0.004"/>
</testsuite>